<?xml version="1.0" encoding="UTF-8"?>
<!-- Generated by org.testng.reporters.JUnitReportReporter -->
<testsuite hostname="MSI" failures="0" tests="3" name="homepage" time="8.026" errors="0" timestamp="2023-01-26T16:39:13 EET" skipped="0">
  <testcase classname="homepage" name="About_page" time="2.722"/>
  <system-out/>
  <testcase classname="homepage" name="About_page" time="2.511"/>
  <system-out/>
  <testcase classname="homepage" name="About_page" time="2.793"/>
  <system-out/>
</testsuite> <!-- homepage -->
